S A L U T 
S A L T U 
S A U L T 
S A U T L 
S A T L U 
S A T U L 
S L A U T 
S L A T U 
S L U A T 
S L U T A 
S L T A U 
S L T U A 
S U A L T 
S U A T L 
S U L A T 
S U L T A 
S U T A L 
S U T L A 
S T A L U 
S T A U L 
S T L A U 
S T L U A 
S T U A L 
S T U L A 
A S L U T 
A S L T U 
A S U L T 
A S U T L 
A S T L U 
A S T U L 
A L S U T 
A L S T U 
A L U S T 
A L U T S 
A L T S U 
A L T U S 
A U S L T 
A U S T L 
A U L S T 
A U L T S 
A U T S L 
A U T L S 
A T S L U 
A T S U L 
A T L S U 
A T L U S 
A T U S L 
A T U L S 
L S A U T 
L S A T U 
L S U A T 
L S U T A 
L S T A U 
L S T U A 
L A S U T 
L A S T U 
L A U S T 
L A U T S 
L A T S U 
L A T U S 
L U S A T 
L U S T A 
L U A S T 
L U A T S 
L U T S A 
L U T A S 
L T S A U 
L T S U A 
L T A S U 
L T A U S 
L T U S A 
L T U A S 
U S A L T 
U S A T L 
U S L A T 
U S L T A 
U S T A L 
U S T L A 
U A S L T 
U A S T L 
U A L S T 
U A L T S 
U A T S L 
U A T L S 
U L S A T 
U L S T A 
U L A S T 
U L A T S 
U L T S A 
U L T A S 
U T S A L 
U T S L A 
U T A S L 
U T A L S 
U T L S A 
U T L A S 
T S A L U 
T S A U L 
T S L A U 
T S L U A 
T S U A L 
T S U L A 
T A S L U 
T A S U L 
T A L S U 
T A L U S 
T A U S L 
T A U L S 
T L S A U 
T L S U A 
T L A S U 
T L A U S 
T L U S A 
T L U A S 
T U S A L 
T U S L A 
T U A S L 
T U A L S 
T U L S A 
T U L A S 
120 solutii!