Solutia nr. 1:
 R  *  *  *  * 
 *  *  *  R  * 
 *  R  *  *  * 
 *  *  *  *  R 
 *  *  R  *  * 


Solutia nr. 2:
 R  *  *  *  * 
 *  *  R  *  * 
 *  *  *  *  R 
 *  R  *  *  * 
 *  *  *  R  * 


Solutia nr. 3:
 *  *  R  *  * 
 R  *  *  *  * 
 *  *  *  R  * 
 *  R  *  *  * 
 *  *  *  *  R 


Solutia nr. 4:
 *  *  *  R  * 
 R  *  *  *  * 
 *  *  R  *  * 
 *  *  *  *  R 
 *  R  *  *  * 


Solutia nr. 5:
 *  R  *  *  * 
 *  *  *  R  * 
 R  *  *  *  * 
 *  *  R  *  * 
 *  *  *  *  R 


Solutia nr. 6:
 *  *  *  *  R 
 *  *  R  *  * 
 R  *  *  *  * 
 *  *  *  R  * 
 *  R  *  *  * 


Solutia nr. 7:
 *  R  *  *  * 
 *  *  *  *  R 
 *  *  R  *  * 
 R  *  *  *  * 
 *  *  *  R  * 


Solutia nr. 8:
 *  *  *  *  R 
 *  R  *  *  * 
 *  *  *  R  * 
 R  *  *  *  * 
 *  *  R  *  * 


Solutia nr. 9:
 *  *  *  R  * 
 *  R  *  *  * 
 *  *  *  *  R 
 *  *  R  *  * 
 R  *  *  *  * 


Solutia nr. 10:
 *  *  R  *  * 
 *  *  *  *  R 
 *  R  *  *  * 
 *  *  *  R  * 
 R  *  *  *  * 


